<?xml version="1.0" encoding="UTF-8"?>
<!-- Generated by org.testng.reporters.JUnitXMLReporter -->
<testsuite ignored="1" hostname="DESKTOP-QL6P0U2" failures="0" tests="5" name="Default test" time="0.124" errors="0" timestamp="2024-05-30T12:26:18 IST">
  <testcase classname="testNG.SkipATestCase" name="startTheCar" time="0.016"/>
  <testcase classname="testNG.SkipATestCase" name="putFirstGear" time="0.002"/>
  <testcase classname="testNG.SkipATestCase" name="putSecondGear" time="0.006"/>
  <testcase classname="testNG.SkipATestCase" name="putThirdGear" time="0.002"/>
  <testcase classname="testNG.SkipATestCase" name="putFourthGear" time="0.004"/>
  <testcase classname="testNG.SkipATestCase" name="turnTheMusicOn" time="0.0">
    <ignored/>
  </testcase> <!-- turnTheMusicOn -->
</testsuite> <!-- Default test -->
