<?xml version="1.0" encoding="UTF-8"?>
<testng-results ignored="0" total="5" passed="5" failed="0" skipped="0">
  <reporter-output>
  </reporter-output>
  <suite started-at="2024-05-30T12:26:18 IST" name="Default suite" finished-at="2024-05-30T12:26:18 IST" duration-ms="124">
    <groups>
    </groups>
    <test started-at="2024-05-30T12:26:18 IST" name="Default test" finished-at="2024-05-30T12:26:18 IST" duration-ms="124">
      <class name="testNG.SkipATestCase">
        <test-method signature="startTheCar()[pri:0, instance:testNG.SkipATestCase@776aec5c]" started-at="2024-05-30T12:26:18 IST" name="startTheCar" finished-at="2024-05-30T12:26:18 IST" duration-ms="16" status="PASS">
          <reporter-output>
          </reporter-output>
        </test-method> <!-- startTheCar -->
        <test-method signature="putFirstGear()[pri:2, instance:testNG.SkipATestCase@776aec5c]" started-at="2024-05-30T12:26:18 IST" name="putFirstGear" finished-at="2024-05-30T12:26:18 IST" duration-ms="2" status="PASS">
          <reporter-output>
          </reporter-output>
        </test-method> <!-- putFirstGear -->
        <test-method signature="putSecondGear()[pri:3, instance:testNG.SkipATestCase@776aec5c]" started-at="2024-05-30T12:26:18 IST" name="putSecondGear" finished-at="2024-05-30T12:26:18 IST" duration-ms="6" status="PASS">
          <reporter-output>
          </reporter-output>
        </test-method> <!-- putSecondGear -->
        <test-method signature="putThirdGear()[pri:4, instance:testNG.SkipATestCase@776aec5c]" started-at="2024-05-30T12:26:18 IST" name="putThirdGear" finished-at="2024-05-30T12:26:18 IST" duration-ms="2" status="PASS">
          <reporter-output>
          </reporter-output>
        </test-method> <!-- putThirdGear -->
        <test-method signature="putFourthGear()[pri:5, instance:testNG.SkipATestCase@776aec5c]" started-at="2024-05-30T12:26:18 IST" name="putFourthGear" finished-at="2024-05-30T12:26:18 IST" duration-ms="4" status="PASS">
          <reporter-output>
          </reporter-output>
        </test-method> <!-- putFourthGear -->
      </class> <!-- testNG.SkipATestCase -->
    </test> <!-- Default test -->
  </suite> <!-- Default suite -->
</testng-results>
